Start time : 02:44:26
12x12 1 a    { rank: 1, agentID: 1, name: '../input/mysimple/rule454/main.py' }, 
12x12 1 b    { rank: 1, agentID: 0, name: '../input/mysimple/rule454/main.py' }, 
12x12 2 a    { rank: 1, agentID: 0, name: '../input/other/imit3/main.py' }, 
12x12 2 b    { rank: 1, agentID: 0, name: '../input/mysimple/rule454/main.py' }, 
12x12 3 a    { rank: 1, agentID: 0, name: '../input/other/imit3/main.py' }, 
12x12 3 b    { rank: 1, agentID: 0, name: '../input/mysimple/rule454/main.py' }, 
12x12 4 a    { rank: 1, agentID: 0, name: '../input/other/imit3/main.py' }, 
12x12 4 b    { rank: 1, agentID: 0, name: '../input/mysimple/rule454/main.py' }, 
12x12 5 a    { rank: 1, agentID: 1, name: '../input/mysimple/rule454/main.py' }, 
12x12 5 b    { rank: 1, agentID: 0, name: '../input/mysimple/rule454/main.py' }, 
12x12 6 a    { rank: 1, agentID: 1, name: '../input/mysimple/rule454/main.py' }, 
12x12 6 b    { rank: 1, agentID: 1, name: '../input/other/imit3/main.py' }, 
12x12 7 a    { rank: 1, agentID: 1, name: '../input/mysimple/rule454/main.py' }, 
12x12 7 b    { rank: 1, agentID: 1, name: '../input/other/imit3/main.py' }, 
12x12 8 a    { rank: 1, agentID: 0, name: '../input/other/imit3/main.py' }, 
12x12 8 b    { rank: 1, agentID: 1, name: '../input/other/imit3/main.py' }, 
12x12 9 a    { rank: 1, agentID: 0, name: '../input/other/imit3/main.py' }, 
12x12 9 b    { rank: 1, agentID: 0, name: '../input/mysimple/rule454/main.py' }, 
12x12 10 a    { rank: 1, agentID: 1, name: '../input/mysimple/rule454/main.py' }, 
12x12 10 b    { rank: 1, agentID: 1, name: '../input/other/imit3/main.py' }, 
12x12 11 a    { rank: 1, agentID: 1, name: '../input/mysimple/rule454/main.py' }, 
12x12 11 b    { rank: 1, agentID: 0, name: '../input/mysimple/rule454/main.py' }, 
12x12 12 a    { rank: 1, agentID: 0, name: '../input/other/imit3/main.py' }, 
12x12 12 b    { rank: 1, agentID: 1, name: '../input/other/imit3/main.py' }, 
12x12 13 a    { rank: 1, agentID: 0, name: '../input/other/imit3/main.py' }, 
12x12 13 b    { rank: 1, agentID: 0, name: '../input/mysimple/rule454/main.py' }, 
12x12 14 a    { rank: 1, agentID: 0, name: '../input/other/imit3/main.py' }, 
12x12 14 b    { rank: 1, agentID: 1, name: '../input/other/imit3/main.py' }, 
12x12 15 a    { rank: 1, agentID: 0, name: '../input/other/imit3/main.py' }, 
12x12 15 b    { rank: 1, agentID: 1, name: '../input/other/imit3/main.py' }, 
12x12 16 a    { rank: 1, agentID: 1, name: '../input/mysimple/rule454/main.py' }, 
12x12 16 b    { rank: 1, agentID: 1, name: '../input/other/imit3/main.py' }, 
12x12 17 a    { rank: 1, agentID: 1, name: '../input/mysimple/rule454/main.py' }, 
12x12 17 b    { rank: 1, agentID: 0, name: '../input/mysimple/rule454/main.py' }, 
12x12 18 a    { rank: 1, agentID: 0, name: '../input/other/imit3/main.py' }, 
12x12 18 b    { rank: 1, agentID: 1, name: '../input/other/imit3/main.py' }, 
12x12 19 a    { rank: 1, agentID: 1, name: '../input/mysimple/rule454/main.py' }, 
12x12 19 b    { rank: 1, agentID: 0, name: '../input/mysimple/rule454/main.py' }, 
12x12 20 a    { rank: 1, agentID: 1, name: '../input/mysimple/rule454/main.py' }, 
12x12 20 b    { rank: 1, agentID: 0, name: '../input/mysimple/rule454/main.py' }, 
12x12 21 a    { rank: 1, agentID: 0, name: '../input/other/imit3/main.py' },    { rank: 1, agentID: 1, name: '../input/mysimple/rule454/main.py' } 
12x12 21 b    { rank: 1, agentID: 0, name: '../input/mysimple/rule454/main.py' }, 
12x12 22 a    { rank: 1, agentID: 0, name: '../input/other/imit3/main.py' }, 
12x12 22 b    { rank: 1, agentID: 0, name: '../input/mysimple/rule454/main.py' }, 
12x12 23 a    { rank: 1, agentID: 1, name: '../input/mysimple/rule454/main.py' }, 
12x12 23 b    { rank: 1, agentID: 1, name: '../input/other/imit3/main.py' }, 
12x12 24 a    { rank: 1, agentID: 0, name: '../input/other/imit3/main.py' }, 
12x12 24 b    { rank: 1, agentID: 0, name: '../input/mysimple/rule454/main.py' }, 
12x12 25 a    { rank: 1, agentID: 0, name: '../input/other/imit3/main.py' }, 
12x12 25 b    { rank: 1, agentID: 1, name: '../input/other/imit3/main.py' }, 
16x16 1 a    { rank: 1, agentID: 0, name: '../input/other/imit3/main.py' }, 
16x16 1 b    { rank: 1, agentID: 0, name: '../input/mysimple/rule454/main.py' }, 
16x16 2 a    { rank: 1, agentID: 0, name: '../input/other/imit3/main.py' }, 
16x16 2 b    { rank: 1, agentID: 0, name: '../input/mysimple/rule454/main.py' }, 
16x16 3 a    { rank: 1, agentID: 1, name: '../input/mysimple/rule454/main.py' }, 
16x16 3 b    { rank: 1, agentID: 1, name: '../input/other/imit3/main.py' }, 
16x16 4 a    { rank: 1, agentID: 1, name: '../input/mysimple/rule454/main.py' }, 
16x16 4 b    { rank: 1, agentID: 0, name: '../input/mysimple/rule454/main.py' }, 
16x16 5 a    { rank: 1, agentID: 1, name: '../input/mysimple/rule454/main.py' }, 
16x16 5 b    { rank: 1, agentID: 0, name: '../input/mysimple/rule454/main.py' }, 
16x16 6 a    { rank: 1, agentID: 1, name: '../input/mysimple/rule454/main.py' }, 
16x16 6 b    { rank: 1, agentID: 0, name: '../input/mysimple/rule454/main.py' }, 
16x16 7 a    { rank: 1, agentID: 1, name: '../input/mysimple/rule454/main.py' }, 
16x16 7 b    { rank: 1, agentID: 0, name: '../input/mysimple/rule454/main.py' }, 
16x16 8 a    { rank: 1, agentID: 0, name: '../input/other/imit3/main.py' }, 
16x16 8 b    { rank: 1, agentID: 1, name: '../input/other/imit3/main.py' }, 
16x16 9 a    { rank: 1, agentID: 1, name: '../input/mysimple/rule454/main.py' }, 
16x16 9 b    { rank: 1, agentID: 0, name: '../input/mysimple/rule454/main.py' }, 
16x16 10 a    { rank: 1, agentID: 1, name: '../input/mysimple/rule454/main.py' }, 
16x16 10 b    { rank: 1, agentID: 0, name: '../input/mysimple/rule454/main.py' }, 
16x16 11 a    { rank: 1, agentID: 1, name: '../input/mysimple/rule454/main.py' }, 
16x16 11 b    { rank: 1, agentID: 1, name: '../input/other/imit3/main.py' }, 
16x16 12 a    { rank: 1, agentID: 1, name: '../input/mysimple/rule454/main.py' }, 
16x16 12 b    { rank: 1, agentID: 0, name: '../input/mysimple/rule454/main.py' }, 
16x16 13 a    { rank: 1, agentID: 0, name: '../input/other/imit3/main.py' }, 
16x16 13 b    { rank: 1, agentID: 0, name: '../input/mysimple/rule454/main.py' }, 
16x16 14 a    { rank: 1, agentID: 0, name: '../input/other/imit3/main.py' }, 
16x16 14 b    { rank: 1, agentID: 0, name: '../input/mysimple/rule454/main.py' }, 
16x16 15 a    { rank: 1, agentID: 0, name: '../input/other/imit3/main.py' }, 
16x16 15 b    { rank: 1, agentID: 0, name: '../input/mysimple/rule454/main.py' }, 
16x16 16 a    { rank: 1, agentID: 1, name: '../input/mysimple/rule454/main.py' }, 
16x16 16 b    { rank: 1, agentID: 0, name: '../input/mysimple/rule454/main.py' }, 
16x16 17 a    { rank: 1, agentID: 1, name: '../input/mysimple/rule454/main.py' }, 
16x16 17 b    { rank: 1, agentID: 1, name: '../input/other/imit3/main.py' }, 
16x16 18 a    { rank: 1, agentID: 1, name: '../input/mysimple/rule454/main.py' }, 
16x16 18 b    { rank: 1, agentID: 0, name: '../input/mysimple/rule454/main.py' }, 
16x16 19 a    { rank: 1, agentID: 1, name: '../input/mysimple/rule454/main.py' }, 
16x16 19 b    { rank: 1, agentID: 0, name: '../input/mysimple/rule454/main.py' }, 
16x16 20 a    { rank: 1, agentID: 1, name: '../input/mysimple/rule454/main.py' }, 
16x16 20 b    { rank: 1, agentID: 1, name: '../input/other/imit3/main.py' }, 
16x16 21 a    { rank: 1, agentID: 1, name: '../input/mysimple/rule454/main.py' }, 
16x16 21 b    { rank: 1, agentID: 0, name: '../input/mysimple/rule454/main.py' }, 
16x16 22 a    { rank: 1, agentID: 1, name: '../input/mysimple/rule454/main.py' }, 
16x16 22 b    { rank: 1, agentID: 0, name: '../input/mysimple/rule454/main.py' }, 
16x16 23 a    { rank: 1, agentID: 0, name: '../input/other/imit3/main.py' }, 
16x16 23 b    { rank: 1, agentID: 1, name: '../input/other/imit3/main.py' }, 
16x16 24 a    { rank: 1, agentID: 1, name: '../input/mysimple/rule454/main.py' }, 
16x16 24 b    { rank: 1, agentID: 0, name: '../input/mysimple/rule454/main.py' }, 
16x16 25 a    { rank: 1, agentID: 0, name: '../input/other/imit3/main.py' }, 
16x16 25 b    { rank: 1, agentID: 0, name: '../input/mysimple/rule454/main.py' }, 
24x24 1 a    { rank: 1, agentID: 1, name: '../input/mysimple/rule454/main.py' }, 
24x24 1 b    { rank: 1, agentID: 0, name: '../input/mysimple/rule454/main.py' }, 
24x24 2 a    { rank: 1, agentID: 1, name: '../input/mysimple/rule454/main.py' }, 
24x24 2 b    { rank: 1, agentID: 0, name: '../input/mysimple/rule454/main.py' }, 
24x24 3 a    { rank: 1, agentID: 1, name: '../input/mysimple/rule454/main.py' }, 
24x24 3 b    { rank: 1, agentID: 0, name: '../input/mysimple/rule454/main.py' }, 
24x24 4 a    { rank: 1, agentID: 1, name: '../input/mysimple/rule454/main.py' }, 
24x24 4 b    { rank: 1, agentID: 0, name: '../input/mysimple/rule454/main.py' }, 
24x24 5 a    { rank: 1, agentID: 1, name: '../input/mysimple/rule454/main.py' }, 
24x24 5 b    { rank: 1, agentID: 0, name: '../input/mysimple/rule454/main.py' }, 
24x24 6 a    { rank: 1, agentID: 0, name: '../input/other/imit3/main.py' }, 
24x24 6 b    { rank: 1, agentID: 0, name: '../input/mysimple/rule454/main.py' }, 
24x24 7 a    { rank: 1, agentID: 0, name: '../input/other/imit3/main.py' }, 
24x24 7 b    { rank: 1, agentID: 0, name: '../input/mysimple/rule454/main.py' }, 
24x24 8 a    { rank: 1, agentID: 1, name: '../input/mysimple/rule454/main.py' }, 
24x24 8 b    { rank: 1, agentID: 0, name: '../input/mysimple/rule454/main.py' }, 
24x24 9 a    { rank: 1, agentID: 1, name: '../input/mysimple/rule454/main.py' }, 
24x24 9 b    { rank: 1, agentID: 0, name: '../input/mysimple/rule454/main.py' }, 
24x24 10 a    { rank: 1, agentID: 1, name: '../input/mysimple/rule454/main.py' }, 
24x24 10 b    { rank: 1, agentID: 0, name: '../input/mysimple/rule454/main.py' }, 
24x24 11 a    { rank: 1, agentID: 1, name: '../input/mysimple/rule454/main.py' }, 
24x24 11 b    { rank: 1, agentID: 0, name: '../input/mysimple/rule454/main.py' }, 
24x24 12 a    { rank: 1, agentID: 0, name: '../input/other/imit3/main.py' }, 
24x24 12 b    { rank: 1, agentID: 0, name: '../input/mysimple/rule454/main.py' }, 
24x24 13 a    { rank: 1, agentID: 1, name: '../input/mysimple/rule454/main.py' }, 
24x24 13 b    { rank: 1, agentID: 0, name: '../input/mysimple/rule454/main.py' }, 
24x24 14 a    { rank: 1, agentID: 1, name: '../input/mysimple/rule454/main.py' }, 
24x24 14 b    { rank: 1, agentID: 0, name: '../input/mysimple/rule454/main.py' }, 
24x24 15 a    { rank: 1, agentID: 1, name: '../input/mysimple/rule454/main.py' }, 
24x24 15 b    { rank: 1, agentID: 0, name: '../input/mysimple/rule454/main.py' }, 
24x24 16 a    { rank: 1, agentID: 0, name: '../input/other/imit3/main.py' }, 
24x24 16 b    { rank: 1, agentID: 0, name: '../input/mysimple/rule454/main.py' }, 
24x24 17 a    { rank: 1, agentID: 1, name: '../input/mysimple/rule454/main.py' }, 
24x24 17 b    { rank: 1, agentID: 0, name: '../input/mysimple/rule454/main.py' }, 
24x24 18 a    { rank: 1, agentID: 1, name: '../input/mysimple/rule454/main.py' }, 
24x24 18 b    { rank: 1, agentID: 0, name: '../input/mysimple/rule454/main.py' }, 
24x24 19 a    { rank: 1, agentID: 0, name: '../input/other/imit3/main.py' }, 
24x24 19 b    { rank: 1, agentID: 0, name: '../input/mysimple/rule454/main.py' }, 
24x24 20 a    { rank: 1, agentID: 1, name: '../input/mysimple/rule454/main.py' }, 
24x24 20 b    { rank: 1, agentID: 0, name: '../input/mysimple/rule454/main.py' }, 
24x24 21 a    { rank: 1, agentID: 1, name: '../input/mysimple/rule454/main.py' }, 
24x24 21 b    { rank: 1, agentID: 1, name: '../input/other/imit3/main.py' }, 
24x24 22 a    { rank: 1, agentID: 1, name: '../input/mysimple/rule454/main.py' }, 
24x24 22 b    { rank: 1, agentID: 1, name: '../input/other/imit3/main.py' }, 
24x24 23 a    { rank: 1, agentID: 0, name: '../input/other/imit3/main.py' }, 
24x24 23 b    { rank: 1, agentID: 0, name: '../input/mysimple/rule454/main.py' }, 
24x24 24 a    { rank: 1, agentID: 1, name: '../input/mysimple/rule454/main.py' }, 
24x24 24 b    { rank: 1, agentID: 0, name: '../input/mysimple/rule454/main.py' }, 
24x24 25 a    { rank: 1, agentID: 1, name: '../input/mysimple/rule454/main.py' }, 
24x24 25 b    { rank: 1, agentID: 0, name: '../input/mysimple/rule454/main.py' }, 
32x32 1 a    { rank: 1, agentID: 1, name: '../input/mysimple/rule454/main.py' }, 
32x32 1 b    { rank: 1, agentID: 0, name: '../input/mysimple/rule454/main.py' }, 
32x32 2 a    { rank: 1, agentID: 1, name: '../input/mysimple/rule454/main.py' }, 
32x32 2 b    { rank: 1, agentID: 0, name: '../input/mysimple/rule454/main.py' }, 
32x32 3 a    { rank: 1, agentID: 1, name: '../input/mysimple/rule454/main.py' }, 
32x32 3 b    { rank: 1, agentID: 0, name: '../input/mysimple/rule454/main.py' }, 
32x32 4 a    { rank: 1, agentID: 1, name: '../input/mysimple/rule454/main.py' }, 
32x32 4 b    { rank: 1, agentID: 0, name: '../input/mysimple/rule454/main.py' }, 
32x32 5 a    { rank: 1, agentID: 1, name: '../input/mysimple/rule454/main.py' }, 
32x32 5 b    { rank: 1, agentID: 0, name: '../input/mysimple/rule454/main.py' }, 
32x32 6 a    { rank: 1, agentID: 1, name: '../input/mysimple/rule454/main.py' }, 
32x32 6 b    { rank: 1, agentID: 0, name: '../input/mysimple/rule454/main.py' }, 
32x32 7 a    { rank: 1, agentID: 1, name: '../input/mysimple/rule454/main.py' }, 
32x32 7 b    { rank: 1, agentID: 0, name: '../input/mysimple/rule454/main.py' }, 
32x32 8 a    { rank: 1, agentID: 1, name: '../input/mysimple/rule454/main.py' }, 
32x32 8 b    { rank: 1, agentID: 0, name: '../input/mysimple/rule454/main.py' }, 
32x32 9 a    { rank: 1, agentID: 0, name: '../input/other/imit3/main.py' }, 
32x32 9 b    { rank: 1, agentID: 0, name: '../input/mysimple/rule454/main.py' }, 
32x32 10 a    { rank: 1, agentID: 1, name: '../input/mysimple/rule454/main.py' }, 
32x32 10 b    { rank: 1, agentID: 1, name: '../input/other/imit3/main.py' }, 
32x32 11 a    { rank: 1, agentID: 1, name: '../input/mysimple/rule454/main.py' }, 
32x32 11 b    { rank: 1, agentID: 0, name: '../input/mysimple/rule454/main.py' }, 
32x32 12 a    { rank: 1, agentID: 1, name: '../input/mysimple/rule454/main.py' }, 
32x32 12 b    { rank: 1, agentID: 0, name: '../input/mysimple/rule454/main.py' }, 
32x32 13 a    { rank: 1, agentID: 1, name: '../input/mysimple/rule454/main.py' }, 
32x32 13 b    { rank: 1, agentID: 0, name: '../input/mysimple/rule454/main.py' }, 
32x32 14 a    { rank: 1, agentID: 0, name: '../input/other/imit3/main.py' }, 
32x32 14 b    { rank: 1, agentID: 0, name: '../input/mysimple/rule454/main.py' }, 
32x32 15 a    { rank: 1, agentID: 1, name: '../input/mysimple/rule454/main.py' }, 
32x32 15 b    { rank: 1, agentID: 0, name: '../input/mysimple/rule454/main.py' }, 
32x32 16 a    { rank: 1, agentID: 1, name: '../input/mysimple/rule454/main.py' }, 
32x32 16 b    { rank: 1, agentID: 0, name: '../input/mysimple/rule454/main.py' }, 
32x32 17 a    { rank: 1, agentID: 1, name: '../input/mysimple/rule454/main.py' }, 
32x32 17 b    { rank: 1, agentID: 0, name: '../input/mysimple/rule454/main.py' }, 
32x32 18 a    { rank: 1, agentID: 1, name: '../input/mysimple/rule454/main.py' }, 
32x32 18 b    { rank: 1, agentID: 1, name: '../input/other/imit3/main.py' }, 
32x32 19 a    { rank: 1, agentID: 1, name: '../input/mysimple/rule454/main.py' }, 
32x32 19 b    { rank: 1, agentID: 0, name: '../input/mysimple/rule454/main.py' }, 
32x32 20 a    { rank: 1, agentID: 0, name: '../input/other/imit3/main.py' }, 
32x32 20 b    { rank: 1, agentID: 1, name: '../input/other/imit3/main.py' }, 
32x32 21 a    { rank: 1, agentID: 1, name: '../input/mysimple/rule454/main.py' }, 
32x32 21 b    { rank: 1, agentID: 0, name: '../input/mysimple/rule454/main.py' }, 
32x32 22 a    { rank: 1, agentID: 1, name: '../input/mysimple/rule454/main.py' }, 
32x32 22 b    { rank: 1, agentID: 0, name: '../input/mysimple/rule454/main.py' }, 
32x32 23 a    { rank: 1, agentID: 1, name: '../input/mysimple/rule454/main.py' }, 
32x32 23 b    { rank: 1, agentID: 0, name: '../input/mysimple/rule454/main.py' }, 
32x32 24 a    { rank: 1, agentID: 1, name: '../input/mysimple/rule454/main.py' }, 
32x32 24 b    { rank: 1, agentID: 0, name: '../input/mysimple/rule454/main.py' }, 
32x32 25 a    { rank: 1, agentID: 0, name: '../input/other/imit3/main.py' }, 
32x32 25 b    { rank: 1, agentID: 0, name: '../input/mysimple/rule454/main.py' }, 
End time : 04:28:56
12x12 imit3 win 25
12x12 rule454 win 26
16x16 imit3 win 14
16x16 rule454 win 36
24x24 imit3 win 8
24x24 rule454 win 42
32x32 imit3 win 7
32x32 rule454 win 43
imit3 win 54
rule454 win 147
