Start time : 21:31:02
12x12 1 a 
12x12 1 b 
12x12 2 a 
12x12 2 b 
12x12 3 a 
12x12 3 b 
12x12 4 a 
12x12 4 b 
12x12 5 a 
12x12 5 b 
12x12 6 a 
12x12 6 b 
12x12 7 a 
12x12 7 b 
12x12 8 a 
12x12 8 b 
12x12 9 a 
12x12 9 b 
12x12 10 a 
12x12 10 b 
12x12 11 a 
12x12 11 b 
12x12 12 a 
12x12 12 b 
12x12 13 a 
12x12 13 b 
12x12 14 a 
12x12 14 b 
12x12 15 a 
12x12 15 b 
12x12 16 a 
12x12 16 b 
12x12 17 a 
12x12 17 b 
12x12 18 a 
12x12 18 b 
12x12 19 a 
12x12 19 b 
12x12 20 a 
12x12 20 b 
12x12 21 a 
12x12 21 b 
12x12 22 a 
12x12 22 b 
12x12 23 a 
12x12 23 b 
12x12 24 a 
12x12 24 b 
12x12 25 a 
12x12 25 b 
16x16 1 a 
16x16 1 b 
16x16 2 a 
16x16 2 b 
16x16 3 a 
16x16 3 b 
16x16 4 a 
16x16 4 b 
16x16 5 a 
16x16 5 b 
16x16 6 a 
16x16 6 b 
16x16 7 a 
16x16 7 b 
16x16 8 a 
16x16 8 b 
16x16 9 a 
16x16 9 b 
16x16 10 a 
16x16 10 b 
16x16 11 a 
16x16 11 b 
16x16 12 a 
16x16 12 b 
16x16 13 a 
16x16 13 b 
16x16 14 a 
16x16 14 b 
16x16 15 a 
16x16 15 b 
16x16 16 a 
16x16 16 b 
16x16 17 a 
16x16 17 b 
16x16 18 a 
16x16 18 b 
16x16 19 a 
16x16 19 b 
16x16 20 a 
16x16 20 b 
16x16 21 a 
16x16 21 b 
16x16 22 a 
16x16 22 b 
16x16 23 a 
16x16 23 b 
16x16 24 a 
16x16 24 b 
16x16 25 a 
16x16 25 b 
24x24 1 a 
24x24 1 b 
24x24 2 a 
24x24 2 b 
24x24 3 a 
24x24 3 b 
24x24 4 a 
24x24 4 b 
24x24 5 a 
24x24 5 b 
24x24 6 a 
24x24 6 b 
24x24 7 a 
24x24 7 b 
24x24 8 a 
24x24 8 b 
24x24 9 a 
24x24 9 b 
24x24 10 a 
24x24 10 b 
24x24 11 a 
24x24 11 b 
24x24 12 a 
24x24 12 b 
24x24 13 a 
24x24 13 b 
24x24 14 a 
24x24 14 b 
24x24 15 a 
24x24 15 b 
24x24 16 a 
24x24 16 b 
24x24 17 a 
24x24 17 b 
24x24 18 a 
24x24 18 b 
24x24 19 a 
24x24 19 b 
24x24 20 a 
24x24 20 b 
24x24 21 a 
24x24 21 b 
24x24 22 a 
24x24 22 b 
24x24 23 a 
24x24 23 b 
24x24 24 a 
24x24 24 b 
24x24 25 a 
24x24 25 b 
32x32 1 a 
32x32 1 b 
32x32 2 a 
32x32 2 b 
32x32 3 a 
32x32 3 b 
32x32 4 a 
32x32 4 b 
32x32 5 a 
32x32 5 b 
32x32 6 a 
32x32 6 b 
32x32 7 a 
32x32 7 b 
32x32 8 a 
32x32 8 b 
32x32 9 a 
32x32 9 b 
32x32 10 a 
32x32 10 b 
32x32 11 a 
32x32 11 b 
32x32 12 a 
32x32 12 b 
32x32 13 a 
32x32 13 b 
32x32 14 a 
32x32 14 b 
32x32 15 a 
32x32 15 b 
32x32 16 a 
32x32 16 b 
32x32 17 a 
32x32 17 b 
32x32 18 a 
32x32 18 b 
32x32 19 a 
32x32 19 b 
32x32 20 a 
32x32 20 b 
32x32 21 a 
32x32 21 b 
32x32 22 a 
32x32 22 b 
32x32 23 a 
32x32 23 b 
32x32 24 a 
32x32 24 b 
32x32 25 a 
32x32 25 b 
End time : 21:35:31
12x12 imit2 win 0
12x12 rule443 win 0
16x16 imit2 win 0
16x16 rule443 win 0
24x24 imit2 win 0
24x24 rule443 win 0
32x32 imit2 win 0
32x32 rule443 win 0
imit2 win 0
rule443 win 0
