start 02/10/2021 23:19:12.47 
1 a    { rank: 1, agentID: 1, name: 'rule26/main.py' },
1 b    { rank: 1, agentID: 1, name: 'C:/git/luxai/minh/main.py' },
2 a    { rank: 1, agentID: 1, name: 'rule26/main.py' },
2 b    { rank: 1, agentID: 0, name: 'rule26/main.py' },
3 a    { rank: 1, agentID: 1, name: 'rule26/main.py' },
3 b    { rank: 1, agentID: 0, name: 'rule26/main.py' },
4 a    { rank: 1, agentID: 0, name: 'C:/git/luxai/minh/main.py' },
4 b    { rank: 1, agentID: 1, name: 'C:/git/luxai/minh/main.py' },
5 a    { rank: 1, agentID: 0, name: 'C:/git/luxai/minh/main.py' },
5 b    { rank: 1, agentID: 0, name: 'rule26/main.py' },
6 a    { rank: 1, agentID: 0, name: 'C:/git/luxai/minh/main.py' },
6 b    { rank: 1, agentID: 1, name: 'C:/git/luxai/minh/main.py' },
7 a    { rank: 1, agentID: 0, name: 'C:/git/luxai/minh/main.py' },
7 b    { rank: 1, agentID: 1, name: 'C:/git/luxai/minh/main.py' },
8 a    { rank: 1, agentID: 1, name: 'rule26/main.py' },
8 b    { rank: 1, agentID: 1, name: 'C:/git/luxai/minh/main.py' },
9 a    { rank: 1, agentID: 1, name: 'rule26/main.py' },
9 b    { rank: 1, agentID: 1, name: 'C:/git/luxai/minh/main.py' },
10 a    { rank: 1, agentID: 1, name: 'rule26/main.py' },
10 b    { rank: 1, agentID: 0, name: 'rule26/main.py' },
11 a    { rank: 1, agentID: 1, name: 'rule26/main.py' },
11 b    { rank: 1, agentID: 0, name: 'rule26/main.py' },
12 a    { rank: 1, agentID: 1, name: 'rule26/main.py' },
12 b    { rank: 1, agentID: 0, name: 'rule26/main.py' },
13 a    { rank: 1, agentID: 0, name: 'C:/git/luxai/minh/main.py' },
13 b    { rank: 1, agentID: 0, name: 'rule26/main.py' },
14 a    { rank: 1, agentID: 1, name: 'rule26/main.py' },
14 b    { rank: 1, agentID: 0, name: 'rule26/main.py' },
15 a    { rank: 1, agentID: 1, name: 'rule26/main.py' },
15 b    { rank: 1, agentID: 0, name: 'rule26/main.py' },
16 a    { rank: 1, agentID: 0, name: 'C:/git/luxai/minh/main.py' },
16 b17 a    { rank: 1, agentID: 1, name: 'rule26/main.py' },
17 b    { rank: 1, agentID: 1, name: 'C:/git/luxai/minh/main.py' },
18 a    { rank: 1, agentID: 1, name: 'rule26/main.py' },
18 b    { rank: 1, agentID: 0, name: 'rule26/main.py' },
19 a    { rank: 1, agentID: 1, name: 'rule26/main.py' },
19 b    { rank: 1, agentID: 0, name: 'rule26/main.py' },
20 a    { rank: 1, agentID: 1, name: 'rule26/main.py' },
20 b    { rank: 1, agentID: 0, name: 'rule26/main.py' },
21 a    { rank: 1, agentID: 1, name: 'rule26/main.py' },
21 b    { rank: 1, agentID: 1, name: 'C:/git/luxai/minh/main.py' },
22 a    { rank: 1, agentID: 1, name: 'rule26/main.py' },
22 b    { rank: 1, agentID: 1, name: 'C:/git/luxai/minh/main.py' },
23 a    { rank: 1, agentID: 1, name: 'rule26/main.py' },
23 b    { rank: 1, agentID: 0, name: 'rule26/main.py' },
24 a    { rank: 1, agentID: 0, name: 'C:/git/luxai/minh/main.py' },
24 b    { rank: 1, agentID: 1, name: 'C:/git/luxai/minh/main.py' },
25 a    { rank: 1, agentID: 1, name: 'rule26/main.py' },
25 b    { rank: 1, agentID: 0, name: 'rule26/main.py' },
26 a    { rank: 1, agentID: 0, name: 'C:/git/luxai/minh/main.py' },
26 b    { rank: 1, agentID: 0, name: 'rule26/main.py' },
27 a    { rank: 1, agentID: 0, name: 'C:/git/luxai/minh/main.py' },
27 b    { rank: 1, agentID: 1, name: 'C:/git/luxai/minh/main.py' },
28 a    { rank: 1, agentID: 1, name: 'rule26/main.py' },
28 b    { rank: 1, agentID: 0, name: 'rule26/main.py' },
29 a    { rank: 1, agentID: 1, name: 'rule26/main.py' },
29 b    { rank: 1, agentID: 0, name: 'rule26/main.py' },
30 a    { rank: 1, agentID: 0, name: 'C:/git/luxai/minh/main.py' },
30 b    { rank: 1, agentID: 0, name: 'rule26/main.py' },
31 a    { rank: 1, agentID: 1, name: 'rule26/main.py' },
31 b    { rank: 1, agentID: 1, name: 'C:/git/luxai/minh/main.py' },
32 a    { rank: 1, agentID: 1, name: 'rule26/main.py' },
32 b    { rank: 1, agentID: 0, name: 'rule26/main.py' },
33 a    { rank: 1, agentID: 1, name: 'rule26/main.py' },
33 b    { rank: 1, agentID: 1, name: 'C:/git/luxai/minh/main.py' },
34 a    { rank: 1, agentID: 1, name: 'rule26/main.py' },
34 b    { rank: 1, agentID: 1, name: 'C:/git/luxai/minh/main.py' },
35 a    { rank: 1, agentID: 1, name: 'rule26/main.py' },
35 b    { rank: 1, agentID: 0, name: 'rule26/main.py' },
36 a    { rank: 1, agentID: 0, name: 'C:/git/luxai/minh/main.py' },
36 b    { rank: 1, agentID: 0, name: 'rule26/main.py' },
37 a    { rank: 1, agentID: 0, name: 'C:/git/luxai/minh/main.py' },
37 b38 a38 b39 a    { rank: 1, agentID: 0, name: 'C:/git/luxai/minh/main.py' },
39 b    { rank: 1, agentID: 1, name: 'C:/git/luxai/minh/main.py' },
40 a    { rank: 1, agentID: 1, name: 'rule26/main.py' },
40 b    { rank: 1, agentID: 0, name: 'rule26/main.py' },
41 a    { rank: 1, agentID: 1, name: 'rule26/main.py' },
41 b    { rank: 1, agentID: 1, name: 'C:/git/luxai/minh/main.py' },
42 a    { rank: 1, agentID: 1, name: 'rule26/main.py' },
42 b    { rank: 1, agentID: 0, name: 'rule26/main.py' },
43 a    { rank: 1, agentID: 1, name: 'rule26/main.py' },
43 b    { rank: 1, agentID: 0, name: 'rule26/main.py' },
44 a    { rank: 1, agentID: 1, name: 'rule26/main.py' },
44 b    { rank: 1, agentID: 0, name: 'rule26/main.py' },
45 a    { rank: 1, agentID: 0, name: 'C:/git/luxai/minh/main.py' },
45 b    { rank: 1, agentID: 1, name: 'C:/git/luxai/minh/main.py' },
46 a    { rank: 1, agentID: 1, name: 'rule26/main.py' },
46 b    { rank: 1, agentID: 0, name: 'rule26/main.py' },
47 a    { rank: 1, agentID: 0, name: 'C:/git/luxai/minh/main.py' },
47 b    { rank: 1, agentID: 1, name: 'C:/git/luxai/minh/main.py' },
48 a    { rank: 1, agentID: 1, name: 'rule26/main.py' },
48 b    { rank: 1, agentID: 0, name: 'rule26/main.py' },
49 a    { rank: 1, agentID: 1, name: 'rule26/main.py' },
49 b    { rank: 1, agentID: 0, name: 'rule26/main.py' },
50 a    { rank: 1, agentID: 0, name: 'C:/git/luxai/minh/main.py' },
50 b    { rank: 1, agentID: 1, name: 'C:/git/luxai/minh/main.py' },
51 a    { rank: 1, agentID: 1, name: 'rule26/main.py' },
51 b    { rank: 1, agentID: 1, name: 'C:/git/luxai/minh/main.py' },
52 a    { rank: 1, agentID: 0, name: 'C:/git/luxai/minh/main.py' },
52 b    { rank: 1, agentID: 1, name: 'C:/git/luxai/minh/main.py' },
53 a    { rank: 1, agentID: 0, name: 'C:/git/luxai/minh/main.py' },
53 b    { rank: 1, agentID: 0, name: 'rule26/main.py' },
54 a    { rank: 1, agentID: 1, name: 'rule26/main.py' },
54 b    { rank: 1, agentID: 0, name: 'rule26/main.py' },
55 a    { rank: 1, agentID: 1, name: 'rule26/main.py' },
55 b    { rank: 1, agentID: 1, name: 'C:/git/luxai/minh/main.py' },
56 a    { rank: 1, agentID: 1, name: 'rule26/main.py' },
56 b    { rank: 1, agentID: 0, name: 'rule26/main.py' },
57 a    { rank: 1, agentID: 0, name: 'C:/git/luxai/minh/main.py' },
57 b    { rank: 1, agentID: 1, name: 'C:/git/luxai/minh/main.py' },
58 a    { rank: 1, agentID: 0, name: 'C:/git/luxai/minh/main.py' },
58 b    { rank: 1, agentID: 1, name: 'C:/git/luxai/minh/main.py' },
59 a    { rank: 1, agentID: 1, name: 'rule26/main.py' },
59 b    { rank: 1, agentID: 1, name: 'C:/git/luxai/minh/main.py' },
60 a    { rank: 1, agentID: 1, name: 'rule26/main.py' },
60 b    { rank: 1, agentID: 0, name: 'rule26/main.py' },
61 a    { rank: 1, agentID: 0, name: 'C:/git/luxai/minh/main.py' },
61 b    { rank: 1, agentID: 1, name: 'C:/git/luxai/minh/main.py' },
62 a    { rank: 1, agentID: 1, name: 'rule26/main.py' },
62 b    { rank: 1, agentID: 0, name: 'rule26/main.py' },
63 a    { rank: 1, agentID: 0, name: 'C:/git/luxai/minh/main.py' },
63 b    { rank: 1, agentID: 0, name: 'rule26/main.py' },
64 a    { rank: 1, agentID: 1, name: 'rule26/main.py' },
64 b    { rank: 1, agentID: 1, name: 'C:/git/luxai/minh/main.py' },
65 a    { rank: 1, agentID: 1, name: 'rule26/main.py' },
65 b    { rank: 1, agentID: 0, name: 'rule26/main.py' },
66 a    { rank: 1, agentID: 0, name: 'C:/git/luxai/minh/main.py' },
66 b